{"/Users/snehalmaheshwari/Desktop/personal/gpt-ideas/unimail/src/services/EmailParserService.ts": {"path":"/Users/snehalmaheshwari/Desktop/personal/gpt-ideas/unimail/src/services/EmailParserService.ts","statementMap":{"0":{"start":{"line":1,"column":0},"end":{"line":1,"column":54}},"1":{"start":{"line":10,"column":4},"end":{"line":43,"column":5}},"2":{"start":{"line":11,"column":33},"end":{"line":11,"column":61}},"3":{"start":{"line":13,"column":40},"end":{"line":19,"column":9}},"4":{"start":{"line":13,"column":79},"end":{"line":19,"column":8}},"5":{"start":{"line":25,"column":6},"end":{"line":39,"column":8}},"6":{"start":{"line":29,"column":65},"end":{"line":29,"column":114}},"7":{"start":{"line":29,"column":105},"end":{"line":29,"column":113}},"8":{"start":{"line":29,"column":165},"end":{"line":29,"column":173}},"9":{"start":{"line":30,"column":65},"end":{"line":30,"column":114}},"10":{"start":{"line":30,"column":105},"end":{"line":30,"column":113}},"11":{"start":{"line":30,"column":165},"end":{"line":30,"column":173}},"12":{"start":{"line":41,"column":6},"end":{"line":41,"column":51}},"13":{"start":{"line":42,"column":6},"end":{"line":42,"column":76}},"14":{"start":{"line":49,"column":4},"end":{"line":49,"column":122}},"15":{"start":{"line":4,"column":0},"end":{"line":4,"column":13}}},"fnMap":{"0":{"name":"(anonymous_0)","decl":{"start":{"line":5,"column":9},"end":{"line":5,"column":14}},"loc":{"start":{"line":8,"column":41},"end":{"line":44,"column":3}}},"1":{"name":"(anonymous_1)","decl":{"start":{"line":13,"column":71},"end":{"line":13,"column":74}},"loc":{"start":{"line":13,"column":79},"end":{"line":19,"column":8}}},"2":{"name":"(anonymous_2)","decl":{"start":{"line":29,"column":57},"end":{"line":29,"column":61}},"loc":{"start":{"line":29,"column":65},"end":{"line":29,"column":114}}},"3":{"name":"(anonymous_3)","decl":{"start":{"line":29,"column":90},"end":{"line":29,"column":91}},"loc":{"start":{"line":29,"column":105},"end":{"line":29,"column":113}}},"4":{"name":"(anonymous_4)","decl":{"start":{"line":29,"column":150},"end":{"line":29,"column":151}},"loc":{"start":{"line":29,"column":165},"end":{"line":29,"column":173}}},"5":{"name":"(anonymous_5)","decl":{"start":{"line":30,"column":57},"end":{"line":30,"column":61}},"loc":{"start":{"line":30,"column":65},"end":{"line":30,"column":114}}},"6":{"name":"(anonymous_6)","decl":{"start":{"line":30,"column":90},"end":{"line":30,"column":91}},"loc":{"start":{"line":30,"column":105},"end":{"line":30,"column":113}}},"7":{"name":"(anonymous_7)","decl":{"start":{"line":30,"column":150},"end":{"line":30,"column":151}},"loc":{"start":{"line":30,"column":165},"end":{"line":30,"column":173}}},"8":{"name":"(anonymous_8)","decl":{"start":{"line":46,"column":9},"end":{"line":46,"column":15}},"loc":{"start":{"line":46,"column":75},"end":{"line":50,"column":3}}}},"branchMap":{"0":{"loc":{"start":{"line":13,"column":41},"end":{"line":13,"column":65}},"type":"binary-expr","locations":[{"start":{"line":13,"column":41},"end":{"line":13,"column":59}},{"start":{"line":13,"column":63},"end":{"line":13,"column":65}}]},"1":{"loc":{"start":{"line":14,"column":18},"end":{"line":14,"column":44}},"type":"binary-expr","locations":[{"start":{"line":14,"column":18},"end":{"line":14,"column":30}},{"start":{"line":14,"column":34},"end":{"line":14,"column":44}}]},"2":{"loc":{"start":{"line":17,"column":16},"end":{"line":17,"column":70}},"type":"cond-expr","locations":[{"start":{"line":17,"column":47},"end":{"line":17,"column":58}},{"start":{"line":17,"column":61},"end":{"line":17,"column":70}}]},"3":{"loc":{"start":{"line":28,"column":14},"end":{"line":28,"column":37}},"type":"binary-expr","locations":[{"start":{"line":28,"column":14},"end":{"line":28,"column":31}},{"start":{"line":28,"column":35},"end":{"line":28,"column":37}}]},"4":{"loc":{"start":{"line":29,"column":12},"end":{"line":29,"column":181}},"type":"cond-expr","locations":[{"start":{"line":29,"column":39},"end":{"line":29,"column":115}},{"start":{"line":29,"column":119},"end":{"line":29,"column":180}}]},"5":{"loc":{"start":{"line":29,"column":119},"end":{"line":29,"column":180}},"type":"binary-expr","locations":[{"start":{"line":29,"column":119},"end":{"line":29,"column":174}},{"start":{"line":29,"column":178},"end":{"line":29,"column":180}}]},"6":{"loc":{"start":{"line":30,"column":12},"end":{"line":30,"column":181}},"type":"cond-expr","locations":[{"start":{"line":30,"column":39},"end":{"line":30,"column":115}},{"start":{"line":30,"column":119},"end":{"line":30,"column":180}}]},"7":{"loc":{"start":{"line":30,"column":119},"end":{"line":30,"column":180}},"type":"binary-expr","locations":[{"start":{"line":30,"column":119},"end":{"line":30,"column":174}},{"start":{"line":30,"column":178},"end":{"line":30,"column":180}}]},"8":{"loc":{"start":{"line":33,"column":18},"end":{"line":33,"column":42}},"type":"binary-expr","locations":[{"start":{"line":33,"column":18},"end":{"line":33,"column":29}},{"start":{"line":33,"column":33},"end":{"line":33,"column":42}}]},"9":{"loc":{"start":{"line":35,"column":14},"end":{"line":35,"column":39}},"type":"binary-expr","locations":[{"start":{"line":35,"column":14},"end":{"line":35,"column":25}},{"start":{"line":35,"column":29},"end":{"line":35,"column":39}}]},"10":{"loc":{"start":{"line":36,"column":16},"end":{"line":36,"column":117}},"type":"cond-expr","locations":[{"start":{"line":36,"column":37},"end":{"line":36,"column":111}},{"start":{"line":36,"column":115},"end":{"line":36,"column":117}}]},"11":{"loc":{"start":{"line":36,"column":37},"end":{"line":36,"column":111}},"type":"cond-expr","locations":[{"start":{"line":36,"column":72},"end":{"line":36,"column":89}},{"start":{"line":36,"column":92},"end":{"line":36,"column":111}}]},"12":{"loc":{"start":{"line":49,"column":11},"end":{"line":49,"column":121}},"type":"binary-expr","locations":[{"start":{"line":49,"column":11},"end":{"line":49,"column":53}},{"start":{"line":49,"column":58},"end":{"line":49,"column":80}},{"start":{"line":49,"column":84},"end":{"line":49,"column":120}}]}},"s":{"0":1,"1":3,"2":3,"3":2,"4":1,"5":2,"6":2,"7":2,"8":0,"9":0,"10":0,"11":0,"12":1,"13":1,"14":4,"15":1},"f":{"0":3,"1":1,"2":2,"3":2,"4":0,"5":0,"6":0,"7":0,"8":4},"b":{"0":[2,1],"1":[1,0],"2":[1,0],"3":[2,0],"4":[2,0],"5":[0,0],"6":[0,2],"7":[2,2],"8":[2,0],"9":[2,0],"10":[2,0],"11":[2,0],"12":[4,2,1]}}
}
