TN:
SF:src/services/EmailParserService.ts
FN:5,(anonymous_0)
FN:13,(anonymous_1)
FN:29,(anonymous_2)
FN:29,(anonymous_3)
FN:29,(anonymous_4)
FN:30,(anonymous_5)
FN:30,(anonymous_6)
FN:30,(anonymous_7)
FN:46,(anonymous_8)
FNF:9
FNH:5
FNDA:3,(anonymous_0)
FNDA:1,(anonymous_1)
FNDA:2,(anonymous_2)
FNDA:2,(anonymous_3)
FNDA:0,(anonymous_4)
FNDA:0,(anonymous_5)
FNDA:0,(anonymous_6)
FNDA:0,(anonymous_7)
FNDA:4,(anonymous_8)
DA:1,1
DA:4,1
DA:10,3
DA:11,3
DA:13,2
DA:25,2
DA:29,2
DA:30,0
DA:41,1
DA:42,1
DA:49,4
LF:11
LH:10
BRDA:13,0,0,2
BRDA:13,0,1,1
BRDA:14,1,0,1
BRDA:14,1,1,0
BRDA:17,2,0,1
BRDA:17,2,1,0
BRDA:28,3,0,2
BRDA:28,3,1,0
BRDA:29,4,0,2
BRDA:29,4,1,0
BRDA:29,5,0,0
BRDA:29,5,1,0
BRDA:30,6,0,0
BRDA:30,6,1,2
BRDA:30,7,0,2
BRDA:30,7,1,2
BRDA:33,8,0,2
BRDA:33,8,1,0
BRDA:35,9,0,2
BRDA:35,9,1,0
BRDA:36,10,0,2
BRDA:36,10,1,0
BRDA:36,11,0,2
BRDA:36,11,1,0
BRDA:49,12,0,4
BRDA:49,12,1,2
BRDA:49,12,2,1
BRF:27
BRH:16
end_of_record
